<?xml version="1.0" encoding="UTF-8"?>
<!-- Generated by org.testng.reporters.JUnitReportReporter -->
<testsuite hostname="DESKTOP-1RBF983" failures="0" tests="3" name="com.bbc.sounds.main.Runner" time="31.583" errors="3" timestamp="2022-11-11T17:02:16 GMT" skipped="0">
  <testcase classname="com.bbc.sounds.main.Runner" name="runScenario" time="9.361">
    <error message="Expected condition failed: waiting for visibility of Proxy element for: DefaultElementLocator &#039;By.xpath: //*[@class=&#039;sc-c-sounds-nav__brand-svgi&#039;]&#039; (tried for 2 second(s) with 500 milliseconds interval)" type="java.lang.RuntimeException">
      <![CDATA[java.lang.RuntimeException: Expected condition failed: waiting for visibility of Proxy element for: DefaultElementLocator 'By.xpath: //*[@class='sc-c-sounds-nav__brand-svgi']' (tried for 2 second(s) with 500 milliseconds interval)
at com.bbc.sounds.stepdefinitions.HomeSteps.that_i_am_on_the_bbc_sounds_homepage(HomeSteps.java:29)
at ✽.that I am on the BBC Sounds Homepage(file:///C:/Projects/JavaSeleniumCucumberAutomationProject/src/main/resources/features/SoundsHomePage.feature:4)
]]>
    </error>
  </testcase> <!-- runScenario -->
  <system-out/>
  <testcase classname="com.bbc.sounds.main.Runner" name="runScenario" time="10.926">
    <error message="Expected condition failed: waiting for visibility of Proxy element for: DefaultElementLocator &#039;By.xpath: //*[@class=&#039;sc-c-sounds-nav__brand-svgi&#039;]&#039; (tried for 2 second(s) with 500 milliseconds interval)" type="java.lang.RuntimeException">
      <![CDATA[java.lang.RuntimeException: Expected condition failed: waiting for visibility of Proxy element for: DefaultElementLocator 'By.xpath: //*[@class='sc-c-sounds-nav__brand-svgi']' (tried for 2 second(s) with 500 milliseconds interval)
at com.bbc.sounds.stepdefinitions.HomeSteps.that_i_am_on_the_bbc_sounds_homepage(HomeSteps.java:29)
at ✽.that I am on the BBC Sounds Homepage(file:///C:/Projects/JavaSeleniumCucumberAutomationProject/src/main/resources/features/SoundsHomePage.feature:4)
]]>
    </error>
  </testcase> <!-- runScenario -->
  <system-out/>
  <testcase classname="com.bbc.sounds.main.Runner" name="runScenario" time="11.296">
    <error message="Expected condition failed: waiting for visibility of Proxy element for: DefaultElementLocator &#039;By.xpath: //*[@class=&#039;sc-c-sounds-nav__brand-svgi&#039;]&#039; (tried for 2 second(s) with 500 milliseconds interval)" type="java.lang.RuntimeException">
      <![CDATA[java.lang.RuntimeException: Expected condition failed: waiting for visibility of Proxy element for: DefaultElementLocator 'By.xpath: //*[@class='sc-c-sounds-nav__brand-svgi']' (tried for 2 second(s) with 500 milliseconds interval)
at com.bbc.sounds.stepdefinitions.HomeSteps.that_i_am_on_the_bbc_sounds_homepage(HomeSteps.java:29)
at ✽.that I am on the BBC Sounds Homepage(file:///C:/Projects/JavaSeleniumCucumberAutomationProject/src/main/resources/features/SoundsHomePage.feature:4)
]]>
    </error>
  </testcase> <!-- runScenario -->
  <system-out/>
</testsuite> <!-- com.bbc.sounds.main.Runner -->
